G:\CODE\数据结构（C）\排序\DEBUG\TEST.OBJ
G:\CODE\数据结构（C）\排序\DEBUG\VC110.PDB
G:\CODE\数据结构（C）\排序\DEBUG\排序.ILK
G:\CODE\数据结构（C）\排序\DEBUG\排序.EXE
G:\CODE\数据结构（C）\排序\DEBUG\排序.PDB
G:\code\数据结构（c）\排序\Debug\test.obj
G:\code\数据结构（c）\排序\Debug\排序.ilk
G:\code\数据结构（c）\排序\Debug\cl.command.1.tlog
G:\code\数据结构（c）\排序\Debug\CL.read.1.tlog
G:\code\数据结构（c）\排序\Debug\CL.write.1.tlog
G:\code\数据结构（c）\排序\Debug\link-cvtres.read.1.tlog
G:\code\数据结构（c）\排序\Debug\link-cvtres.write.1.tlog
G:\code\数据结构（c）\排序\Debug\link-rc.read.1.tlog
G:\code\数据结构（c）\排序\Debug\link-rc.write.1.tlog
G:\code\数据结构（c）\排序\Debug\link.command.1.tlog
G:\code\数据结构（c）\排序\Debug\link.read.1.tlog
G:\code\数据结构（c）\排序\Debug\link.write.1.tlog
G:\code\数据结构（c）\排序\Debug\vc110.idb
G:\code\数据结构（c）\排序\Debug\vc110.pdb
G:\code\数据结构（c）\排序\Debug\排序.pdb
G:\code\数据结构（c）\排序\Debug\排序.exe
